<?xml version="1.0" encoding="UTF-8"?>
<coverage generated="1571561043916" clover="3.2.0">
  <project timestamp="1571561043916" name="All files">
    <metrics statements="17" coveredstatements="16" conditionals="4" coveredconditionals="2" methods="8" coveredmethods="8" elements="29" coveredelements="26" complexity="0" loc="17" ncloc="17" packages="1" files="1" classes="1"/>
    <file name="index.ts" path="E:\wu-hao-work\wuhao-work-design-patterns\src\index.ts">
      <metrics statements="17" coveredstatements="16" conditionals="4" coveredconditionals="2" methods="8" coveredmethods="8"/>
      <line num="3" count="1" type="stmt"/>
      <line num="4" count="1" type="stmt"/>
      <line num="11" count="3" type="stmt"/>
      <line num="12" count="3" type="stmt"/>
      <line num="13" count="3" type="stmt"/>
      <line num="15" count="3" type="stmt"/>
      <line num="22" count="1" type="stmt"/>
      <line num="23" count="1" type="stmt"/>
      <line num="29" count="1" type="stmt"/>
      <line num="37" count="1" type="cond" truecount="1" falsecount="1"/>
      <line num="38" count="1" type="stmt"/>
      <line num="40" count="1" type="stmt"/>
      <line num="47" count="1" type="cond" truecount="1" falsecount="1"/>
      <line num="48" count="0" type="stmt"/>
      <line num="50" count="1" type="stmt"/>
      <line num="51" count="2" type="stmt"/>
      <line num="53" count="1" type="stmt"/>
    </file>
  </project>
</coverage>
