TN:
SF:E:\wu-hao-work\wuhao-work-design-patterns\src\index.ts
FN:3,(anonymous_0)
FN:10,(anonymous_1)
FN:11,(anonymous_2)
FN:21,(anonymous_3)
FN:28,(anonymous_4)
FN:36,(anonymous_5)
FN:46,(anonymous_6)
FN:50,(anonymous_7)
FNF:8
FNH:8
FNDA:1,(anonymous_0)
FNDA:3,(anonymous_1)
FNDA:3,(anonymous_2)
FNDA:1,(anonymous_3)
FNDA:1,(anonymous_4)
FNDA:1,(anonymous_5)
FNDA:1,(anonymous_6)
FNDA:2,(anonymous_7)
DA:3,1
DA:4,1
DA:11,3
DA:12,3
DA:13,3
DA:15,3
DA:22,1
DA:23,1
DA:29,1
DA:37,1
DA:38,1
DA:40,1
DA:47,1
DA:48,0
DA:50,1
DA:51,2
DA:53,1
LF:17
LH:16
BRDA:37,0,0,1
BRDA:37,0,1,0
BRDA:47,1,0,0
BRDA:47,1,1,1
BRF:4
BRH:2
end_of_record
